<?xml version="1.0" encoding="UTF-8"?>
<coverage generated="1728080293">
  <project timestamp="1728080293">
    <file name="/Users/mkeremcansev/Sites/commission/packages/laravel-commission/src/Contracts/HasCommissionInterface.php">
      <metrics loc="11" ncloc="11" classes="0" methods="0" coveredmethods="0" conditionals="0" coveredconditionals="0" statements="0" coveredstatements="0" elements="0" coveredelements="0"/>
    </file>
    <file name="/Users/mkeremcansev/Sites/commission/packages/laravel-commission/src/Enums/CommissionCalculateHistoryReasonEnum.php">
      <metrics loc="19" ncloc="19" classes="0" methods="0" coveredmethods="0" conditionals="0" coveredconditionals="0" statements="0" coveredstatements="0" elements="0" coveredelements="0"/>
    </file>
    <file name="/Users/mkeremcansev/Sites/commission/packages/laravel-commission/src/Enums/CommissionCalculateHistoryStatusEnum.php">
      <metrics loc="16" ncloc="16" classes="0" methods="0" coveredmethods="0" conditionals="0" coveredconditionals="0" statements="0" coveredstatements="0" elements="0" coveredelements="0"/>
    </file>
    <file name="/Users/mkeremcansev/Sites/commission/packages/laravel-commission/src/Enums/CommissionRoundingEnum.php">
      <metrics loc="16" ncloc="16" classes="0" methods="0" coveredmethods="0" conditionals="0" coveredconditionals="0" statements="0" coveredstatements="0" elements="0" coveredelements="0"/>
    </file>
    <file name="/Users/mkeremcansev/Sites/commission/packages/laravel-commission/src/Enums/CommissionTypeEnum.php">
      <metrics loc="16" ncloc="16" classes="0" methods="0" coveredmethods="0" conditionals="0" coveredconditionals="0" statements="0" coveredstatements="0" elements="0" coveredelements="0"/>
    </file>
    <file name="/Users/mkeremcansev/Sites/commission/packages/laravel-commission/src/LaravelCommissionServiceProvider.php">
      <class name="Mkeremcansev\LaravelCommission\LaravelCommissionServiceProvider" namespace="global">
        <metrics complexity="2" methods="2" coveredmethods="2" conditionals="0" coveredconditionals="0" statements="11" coveredstatements="11" elements="13" coveredelements="13"/>
      </class>
      <line num="12" type="method" name="configurePackage" visibility="public" complexity="1" crap="1" count="72"/>
      <line num="14" type="stmt" count="72"/>
      <line num="15" type="stmt" count="72"/>
      <line num="16" type="stmt" count="72"/>
      <line num="17" type="stmt" count="72"/>
      <line num="20" type="method" name="boot" visibility="public" complexity="1" crap="1" count="72"/>
      <line num="22" type="stmt" count="72"/>
      <line num="24" type="stmt" count="72"/>
      <line num="25" type="stmt" count="72"/>
      <line num="26" type="stmt" count="72"/>
      <line num="28" type="stmt" count="72"/>
      <line num="29" type="stmt" count="72"/>
      <line num="30" type="stmt" count="72"/>
      <metrics loc="33" ncloc="33" classes="1" methods="2" coveredmethods="2" conditionals="0" coveredconditionals="0" statements="11" coveredstatements="11" elements="13" coveredelements="13"/>
    </file>
    <file name="/Users/mkeremcansev/Sites/commission/packages/laravel-commission/src/Models/Commission.php">
      <class name="Mkeremcansev\LaravelCommission\Models\Commission" namespace="global">
        <metrics complexity="4" methods="4" coveredmethods="4" conditionals="0" coveredconditionals="0" statements="10" coveredstatements="10" elements="14" coveredelements="14"/>
      </class>
      <line num="37" type="method" name="casts" visibility="protected" complexity="1" crap="1" count="72"/>
      <line num="39" type="stmt" count="72"/>
      <line num="40" type="stmt" count="72"/>
      <line num="41" type="stmt" count="72"/>
      <line num="42" type="stmt" count="72"/>
      <line num="43" type="stmt" count="72"/>
      <line num="44" type="stmt" count="72"/>
      <line num="45" type="stmt" count="72"/>
      <line num="48" type="method" name="histories" visibility="public" complexity="1" crap="1" count="4"/>
      <line num="50" type="stmt" count="4"/>
      <line num="53" type="method" name="commissionType" visibility="public" complexity="1" crap="1" count="11"/>
      <line num="55" type="stmt" count="11"/>
      <line num="58" type="method" name="scopeActive" visibility="public" complexity="1" crap="1" count="13"/>
      <line num="60" type="stmt" count="13"/>
      <metrics loc="63" ncloc="63" classes="1" methods="4" coveredmethods="4" conditionals="0" coveredconditionals="0" statements="10" coveredstatements="10" elements="14" coveredelements="14"/>
    </file>
    <file name="/Users/mkeremcansev/Sites/commission/packages/laravel-commission/src/Models/CommissionCalculateHistory.php">
      <class name="Mkeremcansev\LaravelCommission\Models\CommissionCalculateHistory" namespace="global">
        <metrics complexity="2" methods="2" coveredmethods="2" conditionals="0" coveredconditionals="0" statements="5" coveredstatements="5" elements="7" coveredelements="7"/>
      </class>
      <line num="33" type="method" name="casts" visibility="protected" complexity="1" crap="1" count="8"/>
      <line num="35" type="stmt" count="8"/>
      <line num="36" type="stmt" count="8"/>
      <line num="37" type="stmt" count="8"/>
      <line num="38" type="stmt" count="8"/>
      <line num="41" type="method" name="commission" visibility="public" complexity="1" crap="1" count="4"/>
      <line num="43" type="stmt" count="4"/>
      <metrics loc="46" ncloc="46" classes="1" methods="2" coveredmethods="2" conditionals="0" coveredconditionals="0" statements="5" coveredstatements="5" elements="7" coveredelements="7"/>
    </file>
    <file name="/Users/mkeremcansev/Sites/commission/packages/laravel-commission/src/Models/CommissionType.php">
      <class name="Mkeremcansev\LaravelCommission\Models\CommissionType" namespace="global">
        <metrics complexity="2" methods="2" coveredmethods="2" conditionals="0" coveredconditionals="0" statements="2" coveredstatements="2" elements="4" coveredelements="4"/>
      </class>
      <line num="20" type="method" name="commissionTypeModels" visibility="public" complexity="1" crap="1" count="13"/>
      <line num="22" type="stmt" count="13"/>
      <line num="25" type="method" name="commissions" visibility="public" complexity="1" crap="1" count="13"/>
      <line num="27" type="stmt" count="13"/>
      <metrics loc="30" ncloc="30" classes="1" methods="2" coveredmethods="2" conditionals="0" coveredconditionals="0" statements="2" coveredstatements="2" elements="4" coveredelements="4"/>
    </file>
    <file name="/Users/mkeremcansev/Sites/commission/packages/laravel-commission/src/Models/CommissionTypeModel.php">
      <class name="Mkeremcansev\LaravelCommission\Models\CommissionTypeModel" namespace="global">
        <metrics complexity="1" methods="1" coveredmethods="1" conditionals="0" coveredconditionals="0" statements="1" coveredstatements="1" elements="2" coveredelements="2"/>
      </class>
      <line num="23" type="method" name="commissionType" visibility="public" complexity="1" crap="1" count="12"/>
      <line num="25" type="stmt" count="12"/>
      <metrics loc="28" ncloc="28" classes="1" methods="1" coveredmethods="1" conditionals="0" coveredconditionals="0" statements="1" coveredstatements="1" elements="2" coveredelements="2"/>
    </file>
    <file name="/Users/mkeremcansev/Sites/commission/packages/laravel-commission/src/Services/Calculators/BaseCalculator.php">
      <class name="Mkeremcansev\LaravelCommission\Services\Calculators\BaseCalculator" namespace="global">
        <metrics complexity="28" methods="11" coveredmethods="11" conditionals="0" coveredconditionals="0" statements="44" coveredstatements="44" elements="55" coveredelements="55"/>
      </class>
      <line num="18" type="method" name="__construct" visibility="public" complexity="1" crap="1" count="53"/>
      <line num="20" type="method" name="executePipeline" visibility="public" complexity="1" crap="1" count="14"/>
      <line num="22" type="stmt" count="14"/>
      <line num="23" type="stmt" count="14"/>
      <line num="24" type="stmt" count="14"/>
      <line num="25" type="stmt" count="14"/>
      <line num="26" type="stmt" count="14"/>
      <line num="27" type="stmt" count="14"/>
      <line num="30" type="method" name="isStarted" visibility="public" complexity="2" crap="2" count="22"/>
      <line num="32" type="stmt" count="22"/>
      <line num="33" type="stmt" count="16"/>
      <line num="36" type="stmt" count="6"/>
      <line num="39" type="method" name="isEnded" visibility="public" complexity="2" crap="2" count="17"/>
      <line num="41" type="stmt" count="17"/>
      <line num="42" type="stmt" count="10"/>
      <line num="45" type="stmt" count="7"/>
      <line num="48" type="method" name="isActive" visibility="public" complexity="1" crap="1" count="27"/>
      <line num="50" type="stmt" count="27"/>
      <line num="53" type="method" name="isInRange" visibility="public" complexity="6" crap="6" count="22"/>
      <line num="55" type="stmt" count="22"/>
      <line num="56" type="stmt" count="11"/>
      <line num="59" type="stmt" count="11"/>
      <line num="60" type="stmt" count="2"/>
      <line num="63" type="stmt" count="9"/>
      <line num="64" type="stmt" count="2"/>
      <line num="67" type="stmt" count="7"/>
      <line num="70" type="method" name="isAmountAboveMin" visibility="public" complexity="2" crap="2" count="13"/>
      <line num="72" type="stmt" count="13"/>
      <line num="73" type="stmt" count="1"/>
      <line num="76" type="stmt" count="12"/>
      <line num="79" type="method" name="isAmountBelowMax" visibility="public" complexity="2" crap="2" count="12"/>
      <line num="81" type="stmt" count="12"/>
      <line num="82" type="stmt" count="1"/>
      <line num="85" type="stmt" count="11"/>
      <line num="88" type="method" name="status" visibility="public" complexity="5" crap="5" count="20"/>
      <line num="90" type="stmt" count="20"/>
      <line num="91" type="stmt" count="9"/>
      <line num="94" type="stmt" count="11"/>
      <line num="97" type="method" name="reason" visibility="public" complexity="5" crap="5" count="17"/>
      <line num="99" type="stmt" count="17"/>
      <line num="100" type="stmt" count="5"/>
      <line num="103" type="stmt" count="12"/>
      <line num="104" type="stmt" count="1"/>
      <line num="107" type="stmt" count="11"/>
      <line num="108" type="stmt" count="1"/>
      <line num="111" type="stmt" count="10"/>
      <line num="112" type="stmt" count="1"/>
      <line num="115" type="stmt" count="9"/>
      <line num="118" type="method" name="round" visibility="public" complexity="1" crap="1" count="10"/>
      <line num="120" type="stmt" count="10"/>
      <line num="121" type="stmt" count="10"/>
      <line num="122" type="stmt" count="1"/>
      <line num="123" type="stmt" count="10"/>
      <line num="124" type="stmt" count="10"/>
      <metrics loc="127" ncloc="127" classes="1" methods="11" coveredmethods="11" conditionals="0" coveredconditionals="0" statements="44" coveredstatements="44" elements="55" coveredelements="55"/>
    </file>
    <file name="/Users/mkeremcansev/Sites/commission/packages/laravel-commission/src/Services/Calculators/FixedCommissionCalculator.php">
      <class name="Mkeremcansev\LaravelCommission\Services\Calculators\FixedCommissionCalculator" namespace="global">
        <metrics complexity="2" methods="1" coveredmethods="1" conditionals="0" coveredconditionals="0" statements="43" coveredstatements="43" elements="44" coveredelements="44"/>
      </class>
      <line num="19" type="method" name="calculate" visibility="public" complexity="2" crap="2" count="7"/>
      <line num="21" type="stmt" count="7"/>
      <line num="22" type="stmt" count="7"/>
      <line num="24" type="stmt" count="7"/>
      <line num="25" type="stmt" count="7"/>
      <line num="26" type="stmt" count="7"/>
      <line num="28" type="stmt" count="7"/>
      <line num="29" type="stmt" count="2"/>
      <line num="30" type="stmt" count="2"/>
      <line num="31" type="stmt" count="2"/>
      <line num="32" type="stmt" count="2"/>
      <line num="33" type="stmt" count="2"/>
      <line num="34" type="stmt" count="2"/>
      <line num="36" type="stmt" count="2"/>
      <line num="37" type="stmt" count="2"/>
      <line num="38" type="stmt" count="2"/>
      <line num="41" type="stmt" count="7"/>
      <line num="42" type="stmt" count="7"/>
      <line num="43" type="stmt" count="7"/>
      <line num="44" type="stmt" count="7"/>
      <line num="45" type="stmt" count="7"/>
      <line num="46" type="stmt" count="7"/>
      <line num="47" type="stmt" count="7"/>
      <line num="48" type="stmt" count="7"/>
      <line num="49" type="stmt" count="7"/>
      <line num="50" type="stmt" count="7"/>
      <line num="51" type="stmt" count="7"/>
      <line num="52" type="stmt" count="7"/>
      <line num="53" type="stmt" count="7"/>
      <line num="54" type="stmt" count="5"/>
      <line num="55" type="stmt" count="5"/>
      <line num="56" type="stmt" count="5"/>
      <line num="57" type="stmt" count="5"/>
      <line num="58" type="stmt" count="5"/>
      <line num="59" type="stmt" count="5"/>
      <line num="60" type="stmt" count="5"/>
      <line num="61" type="stmt" count="5"/>
      <line num="62" type="stmt" count="5"/>
      <line num="63" type="stmt" count="5"/>
      <line num="64" type="stmt" count="5"/>
      <line num="65" type="stmt" count="5"/>
      <line num="66" type="stmt" count="7"/>
      <line num="68" type="stmt" count="7"/>
      <line num="70" type="stmt" count="7"/>
      <metrics loc="73" ncloc="70" classes="1" methods="1" coveredmethods="1" conditionals="0" coveredconditionals="0" statements="43" coveredstatements="43" elements="44" coveredelements="44"/>
    </file>
    <file name="/Users/mkeremcansev/Sites/commission/packages/laravel-commission/src/Services/Calculators/PercentageCommissionCalculator.php">
      <class name="Mkeremcansev\LaravelCommission\Services\Calculators\PercentageCommissionCalculator" namespace="global">
        <metrics complexity="2" methods="1" coveredmethods="1" conditionals="0" coveredconditionals="0" statements="49" coveredstatements="49" elements="50" coveredelements="50"/>
      </class>
      <line num="19" type="method" name="calculate" visibility="public" complexity="2" crap="2" count="8"/>
      <line num="21" type="stmt" count="8"/>
      <line num="22" type="stmt" count="8"/>
      <line num="24" type="stmt" count="8"/>
      <line num="25" type="stmt" count="8"/>
      <line num="26" type="stmt" count="8"/>
      <line num="28" type="stmt" count="8"/>
      <line num="29" type="stmt" count="2"/>
      <line num="30" type="stmt" count="2"/>
      <line num="31" type="stmt" count="2"/>
      <line num="32" type="stmt" count="2"/>
      <line num="33" type="stmt" count="2"/>
      <line num="34" type="stmt" count="2"/>
      <line num="40" type="stmt" count="2"/>
      <line num="46" type="stmt" count="2"/>
      <line num="48" type="stmt" count="2"/>
      <line num="50" type="stmt" count="2"/>
      <line num="56" type="stmt" count="2"/>
      <line num="59" type="stmt" count="8"/>
      <line num="60" type="stmt" count="8"/>
      <line num="62" type="stmt" count="8"/>
      <line num="63" type="stmt" count="8"/>
      <line num="64" type="stmt" count="8"/>
      <line num="65" type="stmt" count="8"/>
      <line num="66" type="stmt" count="8"/>
      <line num="67" type="stmt" count="8"/>
      <line num="68" type="stmt" count="8"/>
      <line num="69" type="stmt" count="8"/>
      <line num="70" type="stmt" count="8"/>
      <line num="71" type="stmt" count="8"/>
      <line num="72" type="stmt" count="8"/>
      <line num="73" type="stmt" count="8"/>
      <line num="74" type="stmt" count="8"/>
      <line num="75" type="stmt" count="8"/>
      <line num="76" type="stmt" count="6"/>
      <line num="77" type="stmt" count="6"/>
      <line num="78" type="stmt" count="6"/>
      <line num="79" type="stmt" count="6"/>
      <line num="80" type="stmt" count="6"/>
      <line num="81" type="stmt" count="6"/>
      <line num="82" type="stmt" count="6"/>
      <line num="83" type="stmt" count="6"/>
      <line num="84" type="stmt" count="6"/>
      <line num="85" type="stmt" count="6"/>
      <line num="86" type="stmt" count="6"/>
      <line num="87" type="stmt" count="6"/>
      <line num="88" type="stmt" count="6"/>
      <line num="89" type="stmt" count="8"/>
      <line num="91" type="stmt" count="8"/>
      <line num="93" type="stmt" count="8"/>
      <metrics loc="96" ncloc="81" classes="1" methods="1" coveredmethods="1" conditionals="0" coveredconditionals="0" statements="49" coveredstatements="49" elements="50" coveredelements="50"/>
    </file>
    <file name="/Users/mkeremcansev/Sites/commission/packages/laravel-commission/src/Services/CommissionCalculatorFactory.php">
      <class name="Mkeremcansev\LaravelCommission\Services\CommissionCalculatorFactory" namespace="global">
        <metrics complexity="1" methods="1" coveredmethods="1" conditionals="0" coveredconditionals="0" statements="4" coveredstatements="4" elements="5" coveredelements="5"/>
      </class>
      <line num="20" type="method" name="make" visibility="public" complexity="1" crap="1" count="5"/>
      <line num="22" type="stmt" count="5"/>
      <line num="23" type="stmt" count="5"/>
      <line num="24" type="stmt" count="5"/>
      <line num="25" type="stmt" count="5"/>
      <metrics loc="28" ncloc="25" classes="1" methods="1" coveredmethods="1" conditionals="0" coveredconditionals="0" statements="4" coveredstatements="4" elements="5" coveredelements="5"/>
    </file>
    <file name="/Users/mkeremcansev/Sites/commission/packages/laravel-commission/src/Services/CommissionCalculatorService.php">
      <class name="Mkeremcansev\LaravelCommission\Services\CommissionCalculatorService" namespace="global">
        <metrics complexity="9" methods="4" coveredmethods="4" conditionals="0" coveredconditionals="0" statements="36" coveredstatements="36" elements="40" coveredelements="40"/>
      </class>
      <line num="23" type="method" name="__construct" visibility="public" complexity="1" crap="1" count="15"/>
      <line num="25" type="stmt" count="15"/>
      <line num="27" type="stmt" count="15"/>
      <line num="33" type="method" name="getCalculableCommissions" visibility="public" complexity="2" crap="2" count="7"/>
      <line num="35" type="stmt" count="7"/>
      <line num="36" type="stmt" count="7"/>
      <line num="38" type="stmt" count="7"/>
      <line num="39" type="stmt" count="7"/>
      <line num="41" type="stmt" count="7"/>
      <line num="44" type="stmt" count="7"/>
      <line num="47" type="method" name="getCommissionsWithColumn" visibility="public" complexity="2" crap="2" count="13"/>
      <line num="49" type="stmt" count="13"/>
      <line num="50" type="stmt" count="13"/>
      <line num="51" type="stmt" count="13"/>
      <line num="52" type="stmt" count="13"/>
      <line num="53" type="stmt" count="13"/>
      <line num="54" type="stmt" count="13"/>
      <line num="55" type="stmt" count="13"/>
      <line num="56" type="stmt" count="13"/>
      <line num="57" type="stmt" count="13"/>
      <line num="58" type="stmt" count="13"/>
      <line num="59" type="stmt" count="13"/>
      <line num="60" type="stmt" count="13"/>
      <line num="62" type="stmt" count="13"/>
      <line num="63" type="stmt" count="13"/>
      <line num="65" type="stmt" count="10"/>
      <line num="66" type="stmt" count="10"/>
      <line num="67" type="stmt" count="10"/>
      <line num="68" type="stmt" count="10"/>
      <line num="69" type="stmt" count="10"/>
      <line num="70" type="stmt" count="10"/>
      <line num="71" type="stmt" count="10"/>
      <line num="73" type="stmt" count="10"/>
      <line num="76" type="stmt" count="13"/>
      <line num="82" type="method" name="validateColumnsExistence" visibility="public" complexity="4" crap="4" count="15"/>
      <line num="84" type="stmt" count="15"/>
      <line num="85" type="stmt" count="15"/>
      <line num="86" type="stmt" count="1"/>
      <line num="89" type="stmt" count="14"/>
      <line num="90" type="stmt" count="1"/>
      <metrics loc="95" ncloc="86" classes="1" methods="4" coveredmethods="4" conditionals="0" coveredconditionals="0" statements="36" coveredstatements="36" elements="40" coveredelements="40"/>
    </file>
    <file name="/Users/mkeremcansev/Sites/commission/packages/laravel-commission/src/Services/Contexts/BaseCommissionCalculatorContext.php">
      <class name="Mkeremcansev\LaravelCommission\Services\Contexts\BaseCommissionCalculatorContext" namespace="global">
        <metrics complexity="0" methods="0" coveredmethods="0" conditionals="0" coveredconditionals="0" statements="0" coveredstatements="0" elements="0" coveredelements="0"/>
      </class>
      <metrics loc="8" ncloc="8" classes="0" methods="0" coveredmethods="0" conditionals="0" coveredconditionals="0" statements="0" coveredstatements="0" elements="0" coveredelements="0"/>
    </file>
    <file name="/Users/mkeremcansev/Sites/commission/packages/laravel-commission/src/Services/Contexts/CommissionBundleContext.php">
      <class name="Mkeremcansev\LaravelCommission\Services\Contexts\CommissionBundleContext" namespace="global">
        <metrics complexity="1" methods="1" coveredmethods="1" conditionals="0" coveredconditionals="0" statements="1" coveredstatements="1" elements="2" coveredelements="2"/>
      </class>
      <line num="11" type="method" name="__construct" visibility="public" complexity="1" crap="1" count="60"/>
      <metrics loc="13" ncloc="13" classes="1" methods="1" coveredmethods="1" conditionals="0" coveredconditionals="0" statements="1" coveredstatements="1" elements="2" coveredelements="2"/>
    </file>
    <file name="/Users/mkeremcansev/Sites/commission/packages/laravel-commission/src/Services/Contexts/CommissionCalculationResultContext.php">
      <class name="Mkeremcansev\LaravelCommission\Services\Contexts\CommissionCalculationResultContext" namespace="global">
        <metrics complexity="5" methods="3" coveredmethods="3" conditionals="0" coveredconditionals="0" statements="23" coveredstatements="23" elements="26" coveredelements="26"/>
      </class>
      <line num="9" type="method" name="__construct" visibility="public" complexity="1" crap="1" count="6"/>
      <line num="16" type="stmt" count="6"/>
      <line num="18" type="method" name="result" visibility="public" complexity="1" crap="1" count="6"/>
      <line num="20" type="stmt" count="6"/>
      <line num="22" type="stmt" count="6"/>
      <line num="23" type="stmt" count="5"/>
      <line num="24" type="stmt" count="5"/>
      <line num="25" type="stmt" count="5"/>
      <line num="26" type="stmt" count="5"/>
      <line num="28" type="stmt" count="5"/>
      <line num="29" type="stmt" count="5"/>
      <line num="30" type="stmt" count="5"/>
      <line num="31" type="stmt" count="5"/>
      <line num="32" type="stmt" count="5"/>
      <line num="33" type="stmt" count="5"/>
      <line num="34" type="stmt" count="5"/>
      <line num="35" type="stmt" count="5"/>
      <line num="36" type="stmt" count="6"/>
      <line num="38" type="stmt" count="6"/>
      <line num="41" type="method" name="get" visibility="public" complexity="3" crap="3" count="5"/>
      <line num="43" type="stmt" count="5"/>
      <line num="45" type="stmt" count="5"/>
      <line num="46" type="stmt" count="1"/>
      <line num="49" type="stmt" count="4"/>
      <line num="50" type="stmt" count="2"/>
      <line num="53" type="stmt" count="2"/>
      <metrics loc="56" ncloc="56" classes="1" methods="3" coveredmethods="3" conditionals="0" coveredconditionals="0" statements="23" coveredstatements="23" elements="26" coveredelements="26"/>
    </file>
    <file name="/Users/mkeremcansev/Sites/commission/packages/laravel-commission/src/Services/Contexts/FixedCommissionCalculatorContext.php">
      <class name="Mkeremcansev\LaravelCommission\Services\Contexts\FixedCommissionCalculatorContext" namespace="global">
        <metrics complexity="1" methods="1" coveredmethods="1" conditionals="0" coveredconditionals="0" statements="1" coveredstatements="1" elements="2" coveredelements="2"/>
      </class>
      <line num="14" type="method" name="__construct" visibility="public" complexity="1" crap="1" count="11"/>
      <line num="25" type="stmt" count="11"/>
      <metrics loc="27" ncloc="27" classes="1" methods="1" coveredmethods="1" conditionals="0" coveredconditionals="0" statements="1" coveredstatements="1" elements="2" coveredelements="2"/>
    </file>
    <file name="/Users/mkeremcansev/Sites/commission/packages/laravel-commission/src/Services/Contexts/PercentageCommissionCalculatorContext.php">
      <class name="Mkeremcansev\LaravelCommission\Services\Contexts\PercentageCommissionCalculatorContext" namespace="global">
        <metrics complexity="1" methods="1" coveredmethods="1" conditionals="0" coveredconditionals="0" statements="1" coveredstatements="1" elements="2" coveredelements="2"/>
      </class>
      <line num="14" type="method" name="__construct" visibility="public" complexity="1" crap="1" count="11"/>
      <line num="26" type="stmt" count="11"/>
      <metrics loc="28" ncloc="28" classes="1" methods="1" coveredmethods="1" conditionals="0" coveredconditionals="0" statements="1" coveredstatements="1" elements="2" coveredelements="2"/>
    </file>
    <file name="/Users/mkeremcansev/Sites/commission/packages/laravel-commission/src/Services/Contracts/CommissionCalculatorInterface.php">
      <metrics loc="13" ncloc="13" classes="0" methods="0" coveredmethods="0" conditionals="0" coveredconditionals="0" statements="0" coveredstatements="0" elements="0" coveredelements="0"/>
    </file>
    <file name="/Users/mkeremcansev/Sites/commission/packages/laravel-commission/src/Services/Pipes/CreateHistoryPipe.php">
      <class name="Mkeremcansev\LaravelCommission\Services\Pipes\CreateHistoryPipe" namespace="global">
        <metrics complexity="1" methods="1" coveredmethods="1" conditionals="0" coveredconditionals="0" statements="13" coveredstatements="13" elements="14" coveredelements="14"/>
      </class>
      <line num="12" type="method" name="handle" visibility="public" complexity="1" crap="1" count="4"/>
      <line num="14" type="stmt" count="4"/>
      <line num="16" type="stmt" count="4"/>
      <line num="17" type="stmt" count="4"/>
      <line num="18" type="stmt" count="4"/>
      <line num="19" type="stmt" count="4"/>
      <line num="20" type="stmt" count="4"/>
      <line num="21" type="stmt" count="4"/>
      <line num="22" type="stmt" count="4"/>
      <line num="23" type="stmt" count="4"/>
      <line num="24" type="stmt" count="4"/>
      <line num="25" type="stmt" count="4"/>
      <line num="26" type="stmt" count="4"/>
      <line num="28" type="stmt" count="4"/>
      <metrics loc="31" ncloc="31" classes="1" methods="1" coveredmethods="1" conditionals="0" coveredconditionals="0" statements="13" coveredstatements="13" elements="14" coveredelements="14"/>
    </file>
    <file name="/Users/mkeremcansev/Sites/commission/packages/laravel-commission/src/Traits/HasCommission.php">
      <class name="Mkeremcansev\LaravelCommission\Traits\HasCommission" namespace="global">
        <metrics complexity="1" methods="1" coveredmethods="1" conditionals="0" coveredconditionals="0" statements="6" coveredstatements="6" elements="7" coveredelements="7"/>
      </class>
      <line num="18" type="method" name="calculate" visibility="public" complexity="1" crap="1" count="3"/>
      <line num="20" type="stmt" count="3"/>
      <line num="21" type="stmt" count="3"/>
      <line num="23" type="stmt" count="3"/>
      <line num="24" type="stmt" count="3"/>
      <line num="25" type="stmt" count="3"/>
      <line num="27" type="stmt" count="3"/>
      <metrics loc="30" ncloc="27" classes="1" methods="1" coveredmethods="1" conditionals="0" coveredconditionals="0" statements="6" coveredstatements="6" elements="7" coveredelements="7"/>
    </file>
    <file name="/Users/mkeremcansev/Sites/commission/packages/laravel-commission/src/Traits/PoweredEnum.php">
      <class name="Mkeremcansev\LaravelCommission\Traits\PoweredEnum" namespace="global">
        <metrics complexity="7" methods="3" coveredmethods="3" conditionals="0" coveredconditionals="0" statements="8" coveredstatements="8" elements="11" coveredelements="11"/>
      </class>
      <line num="9" type="method" name="is" visibility="public" complexity="1" crap="1" count="2"/>
      <line num="11" type="stmt" count="2"/>
      <line num="14" type="method" name="isNot" visibility="public" complexity="1" crap="1" count="1"/>
      <line num="16" type="stmt" count="1"/>
      <line num="19" type="method" name="in" visibility="public" complexity="5" crap="5" count="1"/>
      <line num="21" type="stmt" count="1"/>
      <line num="22" type="stmt" count="1"/>
      <line num="23" type="stmt" count="1"/>
      <line num="26" type="stmt" count="1"/>
      <line num="27" type="stmt" count="1"/>
      <line num="31" type="stmt" count="1"/>
      <metrics loc="34" ncloc="34" classes="1" methods="3" coveredmethods="3" conditionals="0" coveredconditionals="0" statements="8" coveredstatements="8" elements="11" coveredelements="11"/>
    </file>
    <metrics files="24" loc="937" ncloc="904" classes="17" methods="40" coveredmethods="40" conditionals="0" coveredconditionals="0" statements="258" coveredstatements="258" elements="298" coveredelements="298"/>
  </project>
</coverage>
